2022-11-27 15:53:31.117  INFO 6204 --- [main] p.r.RatingServiceApplication             : Starting RatingServiceApplication using Java 19.0.1 on Battas-MacBook-Pro.local with PID 6204 (/Users/barabatta/Documents/GitHub/ea-nov-2022-final-project2/rating-service/target/classes started by barabatta in /Users/barabatta/Documents/GitHub/ea-nov-2022-final-project2/cloud-gateway)
2022-11-27 15:53:31.121  INFO 6204 --- [main] p.r.RatingServiceApplication             : No active profile set, falling back to 1 default profile: "default"
2022-11-27 15:53:32.312  INFO 6204 --- [main] .s.d.r.c.RepositoryConfigurationDelegate : Bootstrapping Spring Data JPA repositories in DEFAULT mode.
2022-11-27 15:53:32.595  INFO 6204 --- [main] .s.d.r.c.RepositoryConfigurationDelegate : Finished Spring Data repository scanning in 265 ms. Found 1 JPA repository interfaces.
2022-11-27 15:53:33.035  INFO 6204 --- [main] o.s.cloud.context.scope.GenericScope     : BeanFactory id=f7e42080-c7f5-397c-88bb-e8d3d665bb8f
2022-11-27 15:53:33.646  INFO 6204 --- [main] o.s.b.w.embedded.tomcat.TomcatWebServer  : Tomcat initialized with port(s): 8084 (http)
2022-11-27 15:53:33.658  INFO 6204 --- [main] o.apache.catalina.core.StandardService   : Starting service [Tomcat]
2022-11-27 15:53:33.659  INFO 6204 --- [main] org.apache.catalina.core.StandardEngine  : Starting Servlet engine: [Apache Tomcat/9.0.68]
2022-11-27 15:53:33.802  INFO 6204 --- [main] o.a.c.c.C.[Tomcat].[localhost].[/]       : Initializing Spring embedded WebApplicationContext
2022-11-27 15:53:33.802  INFO 6204 --- [main] w.s.c.ServletWebServerApplicationContext : Root WebApplicationContext: initialization completed in 2585 ms
2022-11-27 15:53:34.028  INFO 6204 --- [main] o.hibernate.jpa.internal.util.LogHelper  : HHH000204: Processing PersistenceUnitInfo [name: default]
2022-11-27 15:53:34.079  INFO 6204 --- [main] org.hibernate.Version                    : HHH000412: Hibernate ORM core version 5.6.12.Final
2022-11-27 15:53:34.267  INFO 6204 --- [main] o.hibernate.annotations.common.Version   : HCANN000001: Hibernate Commons Annotations {5.1.2.Final}
2022-11-27 15:53:34.389  INFO 6204 --- [main] com.zaxxer.hikari.HikariDataSource       : HikariPool-1 - Starting...
2022-11-27 15:53:34.531  INFO 6204 --- [main] com.zaxxer.hikari.HikariDataSource       : HikariPool-1 - Start completed.
2022-11-27 15:53:34.552  INFO 6204 --- [main] org.hibernate.dialect.Dialect            : HHH000400: Using dialect: org.hibernate.dialect.PostgreSQLDialect
2022-11-27 15:53:35.120  INFO 6204 --- [main] o.h.e.t.j.p.i.JtaPlatformInitiator       : HHH000490: Using JtaPlatform implementation: [org.hibernate.engine.transaction.jta.platform.internal.NoJtaPlatform]
2022-11-27 15:53:35.126  INFO 6204 --- [main] j.LocalContainerEntityManagerFactoryBean : Initialized JPA EntityManagerFactory for persistence unit 'default'
2022-11-27 15:53:35.724  WARN 6204 --- [main] JpaBaseConfiguration$JpaWebConfiguration : spring.jpa.open-in-view is enabled by default. Therefore, database queries may be performed during view rendering. Explicitly configure spring.jpa.open-in-view to disable this warning
2022-11-27 15:53:36.626  INFO 6204 --- [main] DiscoveryClientOptionalArgsConfiguration : Eureka HTTP Client uses RestTemplate.
2022-11-27 15:53:36.750  WARN 6204 --- [main] iguration$LoadBalancerCaffeineWarnLogger : Spring Cloud LoadBalancer is currently working with the default cache. While this cache implementation is useful for development and tests, it's recommended to use Caffeine cache in production.You can switch to using Caffeine cache, by adding it and org.springframework.cache.caffeine.CaffeineCacheManager to the classpath.
2022-11-27 15:53:36.916  INFO 6204 --- [main] o.s.c.n.eureka.InstanceInfoFactory       : Setting initial instance status as: STARTING
2022-11-27 15:53:36.946  INFO 6204 --- [main] com.netflix.discovery.DiscoveryClient    : Initializing Eureka in region us-east-1
2022-11-27 15:53:36.950  INFO 6204 --- [main] c.n.d.s.r.aws.ConfigClusterResolver      : Resolving eureka endpoints via configuration
2022-11-27 15:53:36.969  INFO 6204 --- [main] com.netflix.discovery.DiscoveryClient    : Disable delta property : false
2022-11-27 15:53:36.970  INFO 6204 --- [main] com.netflix.discovery.DiscoveryClient    : Single vip registry refresh property : null
2022-11-27 15:53:36.970  INFO 6204 --- [main] com.netflix.discovery.DiscoveryClient    : Force full registry fetch : false
2022-11-27 15:53:36.970  INFO 6204 --- [main] com.netflix.discovery.DiscoveryClient    : Application is null : false
2022-11-27 15:53:36.970  INFO 6204 --- [main] com.netflix.discovery.DiscoveryClient    : Registered Applications size is zero : true
2022-11-27 15:53:36.970  INFO 6204 --- [main] com.netflix.discovery.DiscoveryClient    : Application version is -1: true
2022-11-27 15:53:36.970  INFO 6204 --- [main] com.netflix.discovery.DiscoveryClient    : Getting all instance registry info from the eureka server
2022-11-27 15:53:37.223  INFO 6204 --- [main] com.netflix.discovery.DiscoveryClient    : The response status is 200
2022-11-27 15:53:37.225  INFO 6204 --- [main] com.netflix.discovery.DiscoveryClient    : Starting heartbeat executor: renew interval is: 30
2022-11-27 15:53:37.233  INFO 6204 --- [main] c.n.discovery.InstanceInfoReplicator     : InstanceInfoReplicator onDemand update allowed rate per min is 4
2022-11-27 15:53:37.275  INFO 6204 --- [main] com.netflix.discovery.DiscoveryClient    : Discovery Client initialized at timestamp 1669586017270 with initial instances count: 1
2022-11-27 15:53:37.287  INFO 6204 --- [main] o.s.c.n.e.s.EurekaServiceRegistry        : Registering application RATING-SERVICE with eureka with status UP
2022-11-27 15:53:37.288  INFO 6204 --- [main] com.netflix.discovery.DiscoveryClient    : Saw local status change event StatusChangeEvent [timestamp=1669586017288, current=UP, previous=STARTING]
2022-11-27 15:53:37.293  INFO 6204 --- [DiscoveryClient-InstanceInfoReplicator-0] com.netflix.discovery.DiscoveryClient    : DiscoveryClient_RATING-SERVICE/172.19.140.108:RATING-SERVICE:8084: registering service...
2022-11-27 15:53:37.310  INFO 6204 --- [main] o.s.b.w.embedded.tomcat.TomcatWebServer  : Tomcat started on port(s): 8084 (http) with context path ''
2022-11-27 15:53:37.311  INFO 6204 --- [main] .s.c.n.e.s.EurekaAutoServiceRegistration : Updating port to 8084
2022-11-27 15:53:37.330  INFO 6204 --- [main] d.s.w.p.DocumentationPluginsBootstrapper : Context refreshed
2022-11-27 15:53:37.383  INFO 6204 --- [DiscoveryClient-InstanceInfoReplicator-0] com.netflix.discovery.DiscoveryClient    : DiscoveryClient_RATING-SERVICE/172.19.140.108:RATING-SERVICE:8084 - registration status: 204
2022-11-27 15:53:37.386  INFO 6204 --- [main] d.s.w.p.DocumentationPluginsBootstrapper : Found 1 custom documentation plugin(s)
2022-11-27 15:53:37.394  INFO 6204 --- [main] s.d.s.w.s.ApiListingReferenceScanner     : Scanning for api listing references
2022-11-27 15:53:37.514  INFO 6204 --- [main] p.r.RatingServiceApplication             : Started RatingServiceApplication in 6.805 seconds (JVM running for 7.512)
2022-11-27 15:58:36.956  INFO 6204 --- [AsyncResolver-bootstrap-executor-0] c.n.d.s.r.aws.ConfigClusterResolver      : Resolving eureka endpoints via configuration
2022-11-27 16:03:36.997  INFO 6204 --- [AsyncResolver-bootstrap-executor-0] c.n.d.s.r.aws.ConfigClusterResolver      : Resolving eureka endpoints via configuration
2022-11-27 16:08:37.004  INFO 6204 --- [AsyncResolver-bootstrap-executor-0] c.n.d.s.r.aws.ConfigClusterResolver      : Resolving eureka endpoints via configuration
2022-11-27 16:13:37.035  INFO 6204 --- [AsyncResolver-bootstrap-executor-0] c.n.d.s.r.aws.ConfigClusterResolver      : Resolving eureka endpoints via configuration
2022-11-27 16:18:37.040  INFO 6204 --- [AsyncResolver-bootstrap-executor-0] c.n.d.s.r.aws.ConfigClusterResolver      : Resolving eureka endpoints via configuration
2022-11-27 16:23:37.054  INFO 6204 --- [AsyncResolver-bootstrap-executor-0] c.n.d.s.r.aws.ConfigClusterResolver      : Resolving eureka endpoints via configuration
2022-11-27 16:28:37.071  INFO 6204 --- [AsyncResolver-bootstrap-executor-0] c.n.d.s.r.aws.ConfigClusterResolver      : Resolving eureka endpoints via configuration
2022-11-27 16:33:37.077  INFO 6204 --- [AsyncResolver-bootstrap-executor-0] c.n.d.s.r.aws.ConfigClusterResolver      : Resolving eureka endpoints via configuration
2022-11-27 16:38:37.089  INFO 6204 --- [AsyncResolver-bootstrap-executor-0] c.n.d.s.r.aws.ConfigClusterResolver      : Resolving eureka endpoints via configuration
2022-11-27 16:43:37.070  INFO 6204 --- [AsyncResolver-bootstrap-executor-0] c.n.d.s.r.aws.ConfigClusterResolver      : Resolving eureka endpoints via configuration
2022-11-27 16:48:37.070  INFO 6204 --- [AsyncResolver-bootstrap-executor-0] c.n.d.s.r.aws.ConfigClusterResolver      : Resolving eureka endpoints via configuration
2022-11-27 16:53:37.080  INFO 6204 --- [AsyncResolver-bootstrap-executor-0] c.n.d.s.r.aws.ConfigClusterResolver      : Resolving eureka endpoints via configuration
2022-11-27 16:58:37.090  INFO 6204 --- [AsyncResolver-bootstrap-executor-0] c.n.d.s.r.aws.ConfigClusterResolver      : Resolving eureka endpoints via configuration
2022-11-27 17:03:37.094  INFO 6204 --- [AsyncResolver-bootstrap-executor-0] c.n.d.s.r.aws.ConfigClusterResolver      : Resolving eureka endpoints via configuration
2022-11-27 17:08:37.152  INFO 6204 --- [AsyncResolver-bootstrap-executor-0] c.n.d.s.r.aws.ConfigClusterResolver      : Resolving eureka endpoints via configuration
2022-11-27 17:13:37.162  INFO 6204 --- [AsyncResolver-bootstrap-executor-0] c.n.d.s.r.aws.ConfigClusterResolver      : Resolving eureka endpoints via configuration
2022-11-27 17:18:37.178  INFO 6204 --- [AsyncResolver-bootstrap-executor-0] c.n.d.s.r.aws.ConfigClusterResolver      : Resolving eureka endpoints via configuration
2022-11-27 17:23:37.197  INFO 6204 --- [AsyncResolver-bootstrap-executor-0] c.n.d.s.r.aws.ConfigClusterResolver      : Resolving eureka endpoints via configuration
2022-11-27 17:28:37.209  INFO 6204 --- [AsyncResolver-bootstrap-executor-0] c.n.d.s.r.aws.ConfigClusterResolver      : Resolving eureka endpoints via configuration
2022-11-27 17:33:37.216  INFO 6204 --- [AsyncResolver-bootstrap-executor-0] c.n.d.s.r.aws.ConfigClusterResolver      : Resolving eureka endpoints via configuration
2022-11-27 17:38:37.217  INFO 6204 --- [AsyncResolver-bootstrap-executor-0] c.n.d.s.r.aws.ConfigClusterResolver      : Resolving eureka endpoints via configuration
2022-11-27 17:43:37.237  INFO 6204 --- [AsyncResolver-bootstrap-executor-0] c.n.d.s.r.aws.ConfigClusterResolver      : Resolving eureka endpoints via configuration
2022-11-27 17:48:37.251  INFO 6204 --- [AsyncResolver-bootstrap-executor-0] c.n.d.s.r.aws.ConfigClusterResolver      : Resolving eureka endpoints via configuration
2022-11-27 17:53:37.265  INFO 6204 --- [AsyncResolver-bootstrap-executor-0] c.n.d.s.r.aws.ConfigClusterResolver      : Resolving eureka endpoints via configuration
2022-11-27 17:58:37.275  INFO 6204 --- [AsyncResolver-bootstrap-executor-0] c.n.d.s.r.aws.ConfigClusterResolver      : Resolving eureka endpoints via configuration
2022-11-27 18:03:37.294  INFO 6204 --- [AsyncResolver-bootstrap-executor-0] c.n.d.s.r.aws.ConfigClusterResolver      : Resolving eureka endpoints via configuration
2022-11-27 18:08:37.309  INFO 6204 --- [AsyncResolver-bootstrap-executor-0] c.n.d.s.r.aws.ConfigClusterResolver      : Resolving eureka endpoints via configuration
2022-11-27 18:13:37.326  INFO 6204 --- [AsyncResolver-bootstrap-executor-0] c.n.d.s.r.aws.ConfigClusterResolver      : Resolving eureka endpoints via configuration
2022-11-27 18:18:37.345  INFO 6204 --- [AsyncResolver-bootstrap-executor-0] c.n.d.s.r.aws.ConfigClusterResolver      : Resolving eureka endpoints via configuration
2022-11-27 18:23:37.373  INFO 6204 --- [AsyncResolver-bootstrap-executor-0] c.n.d.s.r.aws.ConfigClusterResolver      : Resolving eureka endpoints via configuration
2022-11-27 18:24:39.338  INFO 6204 --- [http-nio-8084-exec-2] o.a.c.c.C.[Tomcat].[localhost].[/]       : Initializing Spring DispatcherServlet 'dispatcherServlet'
2022-11-27 18:24:39.345  INFO 6204 --- [http-nio-8084-exec-2] o.s.web.servlet.DispatcherServlet        : Initializing Servlet 'dispatcherServlet'
2022-11-27 18:24:39.455  INFO 6204 --- [http-nio-8084-exec-2] o.s.web.servlet.DispatcherServlet        : Completed initialization in 110 ms
2022-11-27 18:24:39.616  INFO 6204 --- [http-nio-8084-exec-1] p.rating_service.controller.Controller   : calculating the average rating for movie/series id 1
2022-11-27 18:24:39.909  INFO 6204 --- [http-nio-8084-exec-2] p.rating_service.controller.Controller   : Added rating
2022-11-27 18:24:41.577  INFO 6204 --- [http-nio-8084-exec-3] p.rating_service.controller.Controller   : calculating the average rating for movie/series id 1
2022-11-27 18:28:37.392  INFO 6204 --- [AsyncResolver-bootstrap-executor-0] c.n.d.s.r.aws.ConfigClusterResolver      : Resolving eureka endpoints via configuration
2022-11-27 18:32:16.609  INFO 6204 --- [SpringApplicationShutdownHook] o.s.c.n.e.s.EurekaServiceRegistry        : Unregistering application RATING-SERVICE with eureka with status DOWN
2022-11-27 18:32:16.613  INFO 6204 --- [SpringApplicationShutdownHook] com.netflix.discovery.DiscoveryClient    : Saw local status change event StatusChangeEvent [timestamp=1669595536613, current=DOWN, previous=UP]
2022-11-27 18:32:16.619  INFO 6204 --- [DiscoveryClient-InstanceInfoReplicator-0] com.netflix.discovery.DiscoveryClient    : DiscoveryClient_RATING-SERVICE/172.19.140.108:RATING-SERVICE:8084: registering service...
2022-11-27 18:32:16.704  INFO 6204 --- [DiscoveryClient-InstanceInfoReplicator-0] com.netflix.discovery.DiscoveryClient    : DiscoveryClient_RATING-SERVICE/172.19.140.108:RATING-SERVICE:8084 - registration status: 204
2022-11-27 18:32:16.954  INFO 6204 --- [SpringApplicationShutdownHook] j.LocalContainerEntityManagerFactoryBean : Closing JPA EntityManagerFactory for persistence unit 'default'
2022-11-27 18:32:17.015  INFO 6204 --- [SpringApplicationShutdownHook] com.zaxxer.hikari.HikariDataSource       : HikariPool-1 - Shutdown initiated...
2022-11-27 18:32:17.035  INFO 6204 --- [SpringApplicationShutdownHook] com.zaxxer.hikari.HikariDataSource       : HikariPool-1 - Shutdown completed.
2022-11-27 18:32:17.076  INFO 6204 --- [SpringApplicationShutdownHook] com.netflix.discovery.DiscoveryClient    : Shutting down DiscoveryClient ...
2022-11-27 18:32:20.124  INFO 6204 --- [SpringApplicationShutdownHook] com.netflix.discovery.DiscoveryClient    : Unregistering ...
2022-11-27 18:32:20.144  INFO 6204 --- [SpringApplicationShutdownHook] com.netflix.discovery.DiscoveryClient    : DiscoveryClient_RATING-SERVICE/172.19.140.108:RATING-SERVICE:8084 - deregister  status: 200
2022-11-27 18:32:20.185  INFO 6204 --- [SpringApplicationShutdownHook] com.netflix.discovery.DiscoveryClient    : Completed shut down of DiscoveryClient
2022-11-27 18:32:25.910  INFO 28248 --- [main] p.r.RatingServiceApplication             : Starting RatingServiceApplication using Java 19.0.1 on Battas-MacBook-Pro.local with PID 28248 (/Users/barabatta/Documents/GitHub/ea-nov-2022-final-project2/rating-service/target/classes started by barabatta in /Users/barabatta/Documents/GitHub/ea-nov-2022-final-project2/cloud-gateway)
2022-11-27 18:32:25.912  INFO 28248 --- [main] p.r.RatingServiceApplication             : No active profile set, falling back to 1 default profile: "default"
2022-11-27 18:32:26.857  INFO 28248 --- [main] .s.d.r.c.RepositoryConfigurationDelegate : Bootstrapping Spring Data JPA repositories in DEFAULT mode.
2022-11-27 18:32:27.017  INFO 28248 --- [main] .s.d.r.c.RepositoryConfigurationDelegate : Finished Spring Data repository scanning in 151 ms. Found 1 JPA repository interfaces.
2022-11-27 18:32:27.384  INFO 28248 --- [main] o.s.cloud.context.scope.GenericScope     : BeanFactory id=f7e42080-c7f5-397c-88bb-e8d3d665bb8f
2022-11-27 18:32:27.876  INFO 28248 --- [main] o.s.b.w.embedded.tomcat.TomcatWebServer  : Tomcat initialized with port(s): 8084 (http)
2022-11-27 18:32:27.883  INFO 28248 --- [main] o.apache.catalina.core.StandardService   : Starting service [Tomcat]
2022-11-27 18:32:27.884  INFO 28248 --- [main] org.apache.catalina.core.StandardEngine  : Starting Servlet engine: [Apache Tomcat/9.0.68]
2022-11-27 18:32:28.012  INFO 28248 --- [main] o.a.c.c.C.[Tomcat].[localhost].[/]       : Initializing Spring embedded WebApplicationContext
2022-11-27 18:32:28.012  INFO 28248 --- [main] w.s.c.ServletWebServerApplicationContext : Root WebApplicationContext: initialization completed in 2063 ms
2022-11-27 18:32:28.173  INFO 28248 --- [main] o.hibernate.jpa.internal.util.LogHelper  : HHH000204: Processing PersistenceUnitInfo [name: default]
2022-11-27 18:32:28.216  INFO 28248 --- [main] org.hibernate.Version                    : HHH000412: Hibernate ORM core version 5.6.12.Final
2022-11-27 18:32:28.441  INFO 28248 --- [main] o.hibernate.annotations.common.Version   : HCANN000001: Hibernate Commons Annotations {5.1.2.Final}
2022-11-27 18:32:28.534  INFO 28248 --- [main] com.zaxxer.hikari.HikariDataSource       : HikariPool-1 - Starting...
2022-11-27 18:32:28.622  INFO 28248 --- [main] com.zaxxer.hikari.HikariDataSource       : HikariPool-1 - Start completed.
2022-11-27 18:32:28.640  INFO 28248 --- [main] org.hibernate.dialect.Dialect            : HHH000400: Using dialect: org.hibernate.dialect.PostgreSQLDialect
2022-11-27 18:32:29.169  INFO 28248 --- [main] o.h.e.t.j.p.i.JtaPlatformInitiator       : HHH000490: Using JtaPlatform implementation: [org.hibernate.engine.transaction.jta.platform.internal.NoJtaPlatform]
2022-11-27 18:32:29.176  INFO 28248 --- [main] j.LocalContainerEntityManagerFactoryBean : Initialized JPA EntityManagerFactory for persistence unit 'default'
2022-11-27 18:32:29.686  WARN 28248 --- [main] JpaBaseConfiguration$JpaWebConfiguration : spring.jpa.open-in-view is enabled by default. Therefore, database queries may be performed during view rendering. Explicitly configure spring.jpa.open-in-view to disable this warning
2022-11-27 18:32:30.328  INFO 28248 --- [main] DiscoveryClientOptionalArgsConfiguration : Eureka HTTP Client uses RestTemplate.
2022-11-27 18:32:30.410  WARN 28248 --- [main] iguration$LoadBalancerCaffeineWarnLogger : Spring Cloud LoadBalancer is currently working with the default cache. While this cache implementation is useful for development and tests, it's recommended to use Caffeine cache in production.You can switch to using Caffeine cache, by adding it and org.springframework.cache.caffeine.CaffeineCacheManager to the classpath.
2022-11-27 18:32:30.563  INFO 28248 --- [main] o.s.c.n.eureka.InstanceInfoFactory       : Setting initial instance status as: STARTING
2022-11-27 18:32:30.644  INFO 28248 --- [main] com.netflix.discovery.DiscoveryClient    : Initializing Eureka in region us-east-1
2022-11-27 18:32:30.647  INFO 28248 --- [main] c.n.d.s.r.aws.ConfigClusterResolver      : Resolving eureka endpoints via configuration
2022-11-27 18:32:30.665  INFO 28248 --- [main] com.netflix.discovery.DiscoveryClient    : Disable delta property : false
2022-11-27 18:32:30.665  INFO 28248 --- [main] com.netflix.discovery.DiscoveryClient    : Single vip registry refresh property : null
2022-11-27 18:32:30.665  INFO 28248 --- [main] com.netflix.discovery.DiscoveryClient    : Force full registry fetch : false
2022-11-27 18:32:30.665  INFO 28248 --- [main] com.netflix.discovery.DiscoveryClient    : Application is null : false
2022-11-27 18:32:30.665  INFO 28248 --- [main] com.netflix.discovery.DiscoveryClient    : Registered Applications size is zero : true
2022-11-27 18:32:30.665  INFO 28248 --- [main] com.netflix.discovery.DiscoveryClient    : Application version is -1: true
2022-11-27 18:32:30.665  INFO 28248 --- [main] com.netflix.discovery.DiscoveryClient    : Getting all instance registry info from the eureka server
2022-11-27 18:32:30.936  INFO 28248 --- [main] com.netflix.discovery.DiscoveryClient    : The response status is 200
2022-11-27 18:32:30.939  INFO 28248 --- [main] com.netflix.discovery.DiscoveryClient    : Starting heartbeat executor: renew interval is: 30
2022-11-27 18:32:30.942  INFO 28248 --- [main] c.n.discovery.InstanceInfoReplicator     : InstanceInfoReplicator onDemand update allowed rate per min is 4
2022-11-27 18:32:30.947  INFO 28248 --- [main] com.netflix.discovery.DiscoveryClient    : Discovery Client initialized at timestamp 1669595550946 with initial instances count: 4
2022-11-27 18:32:30.949  INFO 28248 --- [main] o.s.c.n.e.s.EurekaServiceRegistry        : Registering application RATING-SERVICE with eureka with status UP
2022-11-27 18:32:30.950  INFO 28248 --- [main] com.netflix.discovery.DiscoveryClient    : Saw local status change event StatusChangeEvent [timestamp=1669595550950, current=UP, previous=STARTING]
2022-11-27 18:32:30.952  INFO 28248 --- [DiscoveryClient-InstanceInfoReplicator-0] com.netflix.discovery.DiscoveryClient    : DiscoveryClient_RATING-SERVICE/172.19.140.108:RATING-SERVICE:8084: registering service...
2022-11-27 18:32:30.971  INFO 28248 --- [main] o.s.b.w.embedded.tomcat.TomcatWebServer  : Tomcat started on port(s): 8084 (http) with context path ''
2022-11-27 18:32:30.972  INFO 28248 --- [main] .s.c.n.e.s.EurekaAutoServiceRegistration : Updating port to 8084
2022-11-27 18:32:30.987  INFO 28248 --- [main] d.s.w.p.DocumentationPluginsBootstrapper : Context refreshed
2022-11-27 18:32:30.992  INFO 28248 --- [DiscoveryClient-InstanceInfoReplicator-0] com.netflix.discovery.DiscoveryClient    : DiscoveryClient_RATING-SERVICE/172.19.140.108:RATING-SERVICE:8084 - registration status: 204
2022-11-27 18:32:30.998  INFO 28248 --- [main] d.s.w.p.DocumentationPluginsBootstrapper : Found 1 custom documentation plugin(s)
2022-11-27 18:32:31.004  INFO 28248 --- [main] s.d.s.w.s.ApiListingReferenceScanner     : Scanning for api listing references
2022-11-27 18:32:31.098  INFO 28248 --- [main] p.r.RatingServiceApplication             : Started RatingServiceApplication in 5.582 seconds (JVM running for 6.225)
2022-11-27 18:37:30.670  INFO 28248 --- [AsyncResolver-bootstrap-executor-0] c.n.d.s.r.aws.ConfigClusterResolver      : Resolving eureka endpoints via configuration
2022-11-27 18:39:09.162  INFO 28248 --- [http-nio-8084-exec-1] o.a.c.c.C.[Tomcat].[localhost].[/]       : Initializing Spring DispatcherServlet 'dispatcherServlet'
2022-11-27 18:39:09.165  INFO 28248 --- [http-nio-8084-exec-1] o.s.web.servlet.DispatcherServlet        : Initializing Servlet 'dispatcherServlet'
2022-11-27 18:39:09.186  INFO 28248 --- [http-nio-8084-exec-1] o.s.web.servlet.DispatcherServlet        : Completed initialization in 21 ms
2022-11-27 18:39:09.318  INFO 28248 --- [http-nio-8084-exec-1] p.rating_service.controller.Controller   : calculating the average rating for movie/series id 1
2022-11-27 18:39:11.166  INFO 28248 --- [http-nio-8084-exec-2] p.rating_service.controller.Controller   : Added rating
2022-11-27 18:39:13.037  INFO 28248 --- [http-nio-8084-exec-3] p.rating_service.controller.Controller   : calculating the average rating for movie/series id 1
2022-11-27 18:40:51.913  INFO 28248 --- [http-nio-8084-exec-6] p.rating_service.controller.Controller   : calculating the average rating for movie/series id 1
2022-11-27 18:41:06.431  INFO 28248 --- [http-nio-8084-exec-7] p.rating_service.controller.Controller   : calculating the average rating for movie/series id 1
2022-11-27 18:42:30.689  INFO 28248 --- [AsyncResolver-bootstrap-executor-0] c.n.d.s.r.aws.ConfigClusterResolver      : Resolving eureka endpoints via configuration
2022-11-27 18:46:11.861  INFO 28248 --- [http-nio-8084-exec-9] p.rating_service.controller.Controller   : calculating the average rating for movie/series id 1
2022-11-27 18:46:34.287  INFO 28248 --- [http-nio-8084-exec-1] p.rating_service.controller.Controller   : calculating the average rating for movie/series id 1
2022-11-27 18:47:30.698  INFO 28248 --- [AsyncResolver-bootstrap-executor-0] c.n.d.s.r.aws.ConfigClusterResolver      : Resolving eureka endpoints via configuration
2022-11-27 18:52:30.711  INFO 28248 --- [AsyncResolver-bootstrap-executor-0] c.n.d.s.r.aws.ConfigClusterResolver      : Resolving eureka endpoints via configuration
2022-11-27 18:57:27.202  INFO 28248 --- [http-nio-8084-exec-2] p.rating_service.controller.Controller   : Added rating
2022-11-27 18:57:31.189  INFO 28248 --- [AsyncResolver-bootstrap-executor-0] c.n.d.s.r.aws.ConfigClusterResolver      : Resolving eureka endpoints via configuration
